npm verbose cli C:\Program Files\nodejs\node.exe C:\Users\sandr\AppData\Roaming\npm\node_modules\npm\bin\npm-cli.js
npm info using npm@10.7.0
npm info using node@v20.12.2
npm verbose title npm install
npm verbose argv "install" "--legacy-peer-deps" "--loglevel" "verbose"
npm verbose logfile logs-max:10 dir:C:\Users\sandr\AppData\Local\npm-cache\_logs\2024-08-15T12_44_19_151Z-
npm verbose logfile C:\Users\sandr\AppData\Local\npm-cache\_logs\2024-08-15T12_44_19_151Z-debug-0.log
npm http fetch GET 200 https://registry.npmjs.org/@faker-js%2ffaker 325ms (cache revalidated)
npm http fetch GET 200 https://registry.npmjs.org/cypress-mochawesome-reporter 82ms (cache revalidated)
npm http fetch GET 200 https://registry.npmjs.org/browserstack-cypress-cli 645ms (cache revalidated)
npm http fetch GET 200 https://registry.npmjs.org/cypress 113ms (cache updated)
npm http fetch GET 200 https://registry.npmjs.org/chalk 105ms (cache revalidated)
npm http fetch GET 200 https://registry.npmjs.org/mocha 76ms (cache revalidated)
npm http fetch GET 200 https://registry.npmjs.org/git-repo-info 215ms (cache revalidated)
npm http fetch GET 200 https://registry.npmjs.org/async 221ms (cache revalidated)
npm http fetch GET 200 https://registry.npmjs.org/glob 234ms (cache revalidated)
npm http fetch GET 200 https://registry.npmjs.org/archiver 241ms (cache revalidated)
npm http fetch GET 200 https://registry.npmjs.org/fs-extra 248ms (cache revalidated)
npm http fetch GET 200 https://registry.npmjs.org/gitconfiglocal 253ms (cache revalidated)
npm http fetch GET 200 https://registry.npmjs.org/mkdirp 74ms (cache revalidated)
npm http fetch GET 200 https://registry.npmjs.org/node-ipc 74ms (cache revalidated)
npm http fetch GET 200 https://registry.npmjs.org/request 73ms (cache revalidated)
npm http fetch GET 200 https://registry.npmjs.org/table 73ms (cache revalidated)
npm http fetch GET 200 https://registry.npmjs.org/update-notifier 86ms (cache revalidated)
npm http fetch GET 200 https://registry.npmjs.org/windows-release 76ms (cache revalidated)
npm http fetch GET 200 https://registry.npmjs.org/yargs 67ms (cache revalidated)
npm http fetch GET 200 https://registry.npmjs.org/decompress 75ms (cache revalidated)
npm http fetch GET 200 https://registry.npmjs.org/tmp 68ms (cache revalidated)
npm http fetch GET 200 https://registry.npmjs.org/arch 90ms (cache revalidated)
npm http fetch GET 200 https://registry.npmjs.org/dayjs 81ms (cache revalidated)
npm http fetch GET 200 https://registry.npmjs.org/debug 67ms (cache revalidated)
npm http fetch GET 200 https://registry.npmjs.org/uuid 219ms (cache revalidated)
npm http fetch GET 200 https://registry.npmjs.org/execa 81ms (cache updated)
npm http fetch GET 200 https://registry.npmjs.org/is-ci 73ms (cache revalidated)
npm http fetch GET 200 https://registry.npmjs.org/yauzl 88ms (cache revalidated)
npm http fetch GET 200 https://registry.npmjs.org/listr2 77ms (cache revalidated)
npm http fetch GET 200 https://registry.npmjs.org/getos 126ms (cache revalidated)
npm http fetch GET 200 https://registry.npmjs.org/buffer 103ms (cache revalidated)
npm http fetch GET 200 https://registry.npmjs.org/lodash 67ms (cache revalidated)
npm http fetch GET 200 https://registry.npmjs.org/ospath 78ms (cache revalidated)
npm http fetch GET 200 https://registry.npmjs.org/process 68ms (cache revalidated)
npm http fetch GET 200 https://registry.npmjs.org/semver 85ms (cache revalidated)
npm http fetch GET 200 https://registry.npmjs.org/figures 90ms (cache revalidated)
npm http fetch GET 200 https://registry.npmjs.org/bluebird 74ms (cache revalidated)
npm http fetch GET 200 https://registry.npmjs.org/cachedir 72ms (cache revalidated)
npm http fetch GET 200 https://registry.npmjs.org/enquirer 81ms (cache revalidated)
npm http fetch GET 200 https://registry.npmjs.org/lazy-ass 78ms (cache revalidated)
npm http fetch GET 200 https://registry.npmjs.org/blob-util 69ms (cache revalidated)
npm http fetch GET 200 https://registry.npmjs.org/minimist 106ms (cache revalidated)
npm http fetch GET 200 https://registry.npmjs.org/commander 73ms (cache revalidated)
npm http fetch GET 200 https://registry.npmjs.org/untildify 77ms (cache revalidated)
npm http fetch GET 200 https://registry.npmjs.org/cli-cursor 75ms (cache revalidated)
npm http fetch GET 200 https://registry.npmjs.org/cli-table3 67ms (cache revalidated)
npm http fetch GET 200 https://registry.npmjs.org/git-last-commit 829ms (cache revalidated)
npm http fetch GET 200 https://registry.npmjs.org/common-tags 65ms (cache revalidated)
npm http fetch GET 200 https://registry.npmjs.org/getmac 866ms (cache revalidated)
npm http fetch GET 200 https://registry.npmjs.org/cli-progress 889ms (cache revalidated)
npm http fetch GET 200 https://registry.npmjs.org/executable 112ms (cache revalidated)
npm http fetch GET 200 https://registry.npmjs.org/log-symbols 77ms (cache revalidated)
npm http fetch GET 200 https://registry.npmjs.org/pretty-bytes 77ms (cache revalidated)
npm http fetch GET 200 https://registry.npmjs.org/requestretry 665ms (cache revalidated)
npm http fetch GET 200 https://registry.npmjs.org/extract-zip 89ms (cache revalidated)
npm http fetch GET 200 https://registry.npmjs.org/browserstack-local 909ms (cache revalidated)
npm http fetch GET 200 https://registry.npmjs.org/@types%2fsizzle 75ms (cache revalidated)
npm http fetch GET 200 https://registry.npmjs.org/supports-color 87ms (cache revalidated)
npm http fetch GET 200 https://registry.npmjs.org/check-more-types 86ms (cache revalidated)
npm http fetch GET 200 https://registry.npmjs.org/request-progress 85ms (cache revalidated)
npm http fetch GET 200 https://registry.npmjs.org/is-installed-globally 87ms (cache revalidated)
npm http fetch GET 200 https://registry.npmjs.org/eventemitter2 123ms (cache revalidated)
npm http fetch GET 200 https://registry.npmjs.org/@cypress%2frequest 109ms (cache revalidated)
npm http fetch GET 200 https://registry.npmjs.org/@types%2fsinonjs__fake-timers 103ms (cache revalidated)
npm http fetch GET 200 https://registry.npmjs.org/proxy-from-env 141ms (cache revalidated)
npm http fetch GET 200 https://registry.npmjs.org/mochawesome-report-generator 80ms (cache revalidated)
npm http fetch GET 200 https://registry.npmjs.org/winston 813ms (cache updated)
npm http fetch GET 200 https://registry.npmjs.org/@cypress%2fxvfb 312ms (cache revalidated)
npm http fetch GET 200 https://registry.npmjs.org/mochawesome 658ms (cache revalidated)
npm http fetch GET 200 https://registry.npmjs.org/mochawesome-merge 656ms (cache revalidated)
npm http fetch GET 200 https://registry.npmjs.org/https-proxy-agent 82ms (cache revalidated)
npm http fetch GET 200 https://registry.npmjs.org/readdir-glob 95ms (cache revalidated)
npm http fetch GET 200 https://registry.npmjs.org/ps-tree 95ms (cache revalidated)
npm http fetch GET 200 https://registry.npmjs.org/readable-stream 105ms (cache revalidated)
npm http fetch GET 200 https://registry.npmjs.org/agent-base 108ms (cache revalidated)
npm http fetch GET 200 https://registry.npmjs.org/archiver-utils 121ms (cache revalidated)
npm http fetch GET 200 https://registry.npmjs.org/zip-stream 122ms (cache revalidated)
npm http fetch GET 200 https://registry.npmjs.org/tar-stream 127ms (cache revalidated)
npm http fetch GET 200 https://registry.npmjs.org/buffer-crc32 132ms (cache revalidated)
npm http fetch GET 200 https://registry.npmjs.org/string-width 108ms (cache revalidated)
npm http fetch GET 200 https://registry.npmjs.org/decompress-tarbz2 102ms (cache revalidated)
npm http fetch GET 200 https://registry.npmjs.org/ansi-styles 126ms (cache revalidated)
npm http fetch GET 200 https://registry.npmjs.org/make-dir 98ms (cache revalidated)
npm http fetch GET 200 https://registry.npmjs.org/pify 105ms (cache revalidated)
npm http fetch GET 200 https://registry.npmjs.org/graceful-fs 118ms (cache revalidated)
npm http fetch GET 200 https://registry.npmjs.org/decompress-targz 135ms (cache revalidated)
npm http fetch GET 200 https://registry.npmjs.org/decompress-unzip 144ms (cache revalidated)
npm http fetch GET 200 https://registry.npmjs.org/strip-dirs 83ms (cache revalidated)
npm http fetch GET 200 https://registry.npmjs.org/graceful-fs 100ms (cache revalidated)
npm http fetch GET 200 https://registry.npmjs.org/once 64ms (cache revalidated)
npm http fetch GET 200 https://registry.npmjs.org/ini 81ms (cache revalidated)
npm http fetch GET 200 https://registry.npmjs.org/inflight 62ms (cache revalidated)
npm http fetch GET 200 https://registry.npmjs.org/universalify 102ms (cache revalidated)
npm http fetch GET 200 https://registry.npmjs.org/jsonfile 123ms (cache revalidated)
npm http fetch GET 200 https://registry.npmjs.org/@types%2fnode 126ms (cache revalidated)
npm http fetch GET 200 https://registry.npmjs.org/inherits 137ms (cache revalidated)
npm http fetch GET 200 https://registry.npmjs.org/path-is-absolute 114ms (cache revalidated)
npm http fetch GET 200 https://registry.npmjs.org/ansi-colors 113ms (cache revalidated)
npm http fetch GET 200 https://registry.npmjs.org/fs.realpath 125ms (cache revalidated)
npm http fetch GET 200 https://registry.npmjs.org/browser-stdout 112ms (cache revalidated)
npm http fetch GET 200 https://registry.npmjs.org/minimatch 136ms (cache revalidated)
npm http fetch GET 200 https://registry.npmjs.org/chokidar 129ms (cache revalidated)
npm http fetch GET 200 https://registry.npmjs.org/minimatch 32ms (cache hit)
npm http fetch GET 200 https://registry.npmjs.org/diff 93ms (cache revalidated)
npm http fetch GET 200 https://registry.npmjs.org/js-yaml 82ms (cache revalidated)
npm http fetch GET 200 https://registry.npmjs.org/find-up 99ms (cache revalidated)
npm http fetch GET 200 https://registry.npmjs.org/he 99ms (cache revalidated)
npm http fetch GET 200 https://registry.npmjs.org/escape-string-regexp 119ms (cache revalidated)
npm http fetch GET 200 https://registry.npmjs.org/strip-json-comments 76ms (cache revalidated)
npm http fetch GET 200 https://registry.npmjs.org/ms 108ms (cache revalidated)
npm http fetch GET 200 https://registry.npmjs.org/serialize-javascript 93ms (cache revalidated)
npm http fetch GET 200 https://registry.npmjs.org/workerpool 71ms (cache revalidated)
npm http fetch GET 200 https://registry.npmjs.org/yargs-parser 64ms (cache revalidated)
npm http fetch GET 200 https://registry.npmjs.org/yargs-unparser 80ms (cache revalidated)
npm http fetch GET 200 https://registry.npmjs.org/js-queue 79ms (cache revalidated)
npm http fetch GET 200 https://registry.npmjs.org/event-pubsub 80ms (cache revalidated)
npm http fetch GET 200 https://registry.npmjs.org/aws4 76ms (cache revalidated)
npm http fetch GET 200 https://registry.npmjs.org/qs 84ms (cache revalidated)
npm http fetch GET 200 https://registry.npmjs.org/is-running 660ms (cache revalidated)
npm http fetch GET 200 https://registry.npmjs.org/temp-fs 657ms (cache revalidated)
npm http fetch GET 200 https://registry.npmjs.org/extend 70ms (cache revalidated)
npm http fetch GET 200 https://registry.npmjs.org/caseless 75ms (cache revalidated)
npm http fetch GET 200 https://registry.npmjs.org/isstream 71ms (cache revalidated)
npm http fetch GET 200 https://registry.npmjs.org/aws-sign2 71ms (cache revalidated)
npm http fetch GET 200 https://registry.npmjs.org/form-data 72ms (cache revalidated)
npm http fetch GET 200 https://registry.npmjs.org/mime-types 81ms (cache revalidated)
npm http fetch GET 200 https://registry.npmjs.org/oauth-sign 81ms (cache revalidated)
npm http fetch GET 200 https://registry.npmjs.org/safe-buffer 69ms (cache revalidated)
npm http fetch GET 200 https://registry.npmjs.org/tunnel-agent 69ms (cache revalidated)
npm http fetch GET 200 https://registry.npmjs.org/tough-cookie 77ms (cache revalidated)
npm http fetch GET 200 https://registry.npmjs.org/forever-agent 66ms (cache revalidated)
npm http fetch GET 200 https://registry.npmjs.org/is-typedarray 66ms (cache revalidated)
npm http fetch GET 200 https://registry.npmjs.org/decompress-tar 663ms (cache revalidated)
npm http fetch GET 200 https://registry.npmjs.org/har-validator 75ms (cache revalidated)
npm http fetch GET 200 https://registry.npmjs.org/http-signature 79ms (cache revalidated)
npm http fetch GET 200 https://registry.npmjs.org/combined-stream 77ms (cache revalidated)
npm http fetch GET 200 https://registry.npmjs.org/performance-now 82ms (cache revalidated)
npm http fetch GET 200 https://registry.npmjs.org/json-stringify-safe 92ms (cache revalidated)
npm http fetch GET 200 https://registry.npmjs.org/slice-ansi 82ms (cache revalidated)
npm http fetch GET 200 https://registry.npmjs.org/ajv 94ms (cache revalidated)
npm http fetch GET 200 https://registry.npmjs.org/is-npm 75ms (cache revalidated)
npm http fetch GET 200 https://registry.npmjs.org/pupa 102ms (cache revalidated)
npm http fetch GET 200 https://registry.npmjs.org/configstore 61ms (cache revalidated)
npm http fetch GET 200 https://registry.npmjs.org/import-lazy 66ms (cache revalidated)
npm http fetch GET 200 https://registry.npmjs.org/semver-diff 65ms (cache revalidated)
npm http fetch GET 200 https://registry.npmjs.org/latest-version 73ms (cache revalidated)
npm http fetch GET 200 https://registry.npmjs.org/eyes 68ms (cache revalidated)
npm http fetch GET 200 https://registry.npmjs.org/xdg-basedir 82ms (cache revalidated)
npm http fetch GET 200 https://registry.npmjs.org/stack-trace 66ms (cache revalidated)
npm http fetch GET 200 https://registry.npmjs.org/y18n 72ms (cache revalidated)
npm http fetch GET 200 https://registry.npmjs.org/cliui 80ms (cache revalidated)
npm http fetch GET 200 https://registry.npmjs.org/decamelize 62ms (cache revalidated)
npm http fetch GET 200 https://registry.npmjs.org/which-module 62ms (cache revalidated)
npm http fetch GET 200 https://registry.npmjs.org/colors 123ms (cache revalidated)
npm http fetch GET 200 https://registry.npmjs.org/set-blocking 69ms (cache revalidated)
npm http fetch GET 200 https://registry.npmjs.org/get-caller-file 72ms (cache revalidated)
npm http fetch GET 200 https://registry.npmjs.org/require-directory 74ms (cache revalidated)
npm http fetch GET 200 https://registry.npmjs.org/require-main-filename 83ms (cache revalidated)
npm http fetch GET 200 https://registry.npmjs.org/js-message 676ms (cache revalidated)
npm http fetch GET 200 https://registry.npmjs.org/boxen 645ms (cache revalidated)
npm http fetch GET 200 https://registry.npmjs.org/cycle 645ms (cache revalidated)
npm http fetch GET 200 https://registry.npmjs.org/is-in-ci 731ms (cache revalidated)
npm http fetch GET 200 https://registry.npmjs.org/lodash.flatten 86ms (cache revalidated)
npm http fetch GET 200 https://registry.npmjs.org/lazystream 95ms (cache revalidated)
npm http fetch GET 200 https://registry.npmjs.org/bl 89ms (cache revalidated)
npm http fetch GET 200 https://registry.npmjs.org/lodash.isplainobject 103ms (cache revalidated)
npm http fetch GET 200 https://registry.npmjs.org/string_decoder 105ms (cache revalidated)
npm http fetch GET 200 https://registry.npmjs.org/lodash.defaults 108ms (cache revalidated)
npm http fetch GET 200 https://registry.npmjs.org/normalize-path 108ms (cache revalidated)
npm http fetch GET 200 https://registry.npmjs.org/lodash.difference 112ms (cache revalidated)
npm http fetch GET 200 https://registry.npmjs.org/end-of-stream 105ms (cache revalidated)
npm http fetch GET 200 https://registry.npmjs.org/util-deprecate 113ms (cache revalidated)
npm http fetch GET 200 https://registry.npmjs.org/lodash.union 145ms (cache revalidated)
npm http fetch GET 200 https://registry.npmjs.org/compress-commons 87ms (cache revalidated)
npm http fetch GET 200 https://registry.npmjs.org/fs-constants 668ms (cache revalidated)
npm http fetch GET 200 https://registry.npmjs.org/process-nextick-args 69ms (cache revalidated)
npm http fetch GET 200 https://registry.npmjs.org/core-util-is 87ms (cache revalidated)
npm http fetch GET 200 https://registry.npmjs.org/isarray 95ms (cache revalidated)
npm http fetch GET 200 https://registry.npmjs.org/event-stream 72ms (cache revalidated)
npm http fetch GET 200 https://registry.npmjs.org/rimraf 78ms (cache revalidated)
npm http fetch GET 200 https://registry.npmjs.org/color-convert 70ms (cache revalidated)
npm http fetch GET 200 https://registry.npmjs.org/has-flag 106ms (cache revalidated)
npm http fetch GET 200 https://registry.npmjs.org/color-name 107ms (cache revalidated)
npm http fetch GET 200 https://registry.npmjs.org/strip-ansi 79ms (cache revalidated)
npm http fetch GET 200 https://registry.npmjs.org/emoji-regex 95ms (cache revalidated)
npm http fetch GET 200 https://registry.npmjs.org/is-fullwidth-code-point 133ms (cache revalidated)
npm http fetch GET 200 https://registry.npmjs.org/base64-js 75ms (cache revalidated)
npm http fetch GET 200 https://registry.npmjs.org/lodash.once 80ms (cache revalidated)
npm http fetch GET 200 https://registry.npmjs.org/restore-cursor 78ms (cache revalidated)
npm http fetch GET 200 https://registry.npmjs.org/is-stream 76ms (cache revalidated)
npm http fetch GET 200 https://registry.npmjs.org/ieee754 95ms (cache revalidated)
npm http fetch GET 200 https://registry.npmjs.org/signal-exit 89ms (cache revalidated)
npm http fetch GET 200 https://registry.npmjs.org/cross-spawn 91ms (cache revalidated)
npm http fetch GET 200 https://registry.npmjs.org/onetime 101ms (cache revalidated)
npm http fetch GET 200 https://registry.npmjs.org/get-stream 106ms (cache revalidated)
npm http fetch GET 200 https://registry.npmjs.org/@colors%2fcolors 111ms (cache revalidated)
npm http fetch GET 200 https://registry.npmjs.org/merge-stream 111ms (cache revalidated)
npm http fetch GET 200 https://registry.npmjs.org/human-signals 70ms (cache revalidated)
npm http fetch GET 200 https://registry.npmjs.org/npm-run-path 84ms (cache revalidated)
npm http fetch GET 200 https://registry.npmjs.org/get-stream 81ms (cache revalidated)
npm http fetch GET 200 https://registry.npmjs.org/strip-final-newline 90ms (cache revalidated)
npm http fetch GET 200 https://registry.npmjs.org/at-least-node 80ms (cache revalidated)
npm http fetch GET 200 https://registry.npmjs.org/global-dirs 77ms (cache revalidated)
npm http fetch GET 200 https://registry.npmjs.org/@types%2fyauzl 96ms (cache revalidated)
npm http fetch GET 200 https://registry.npmjs.org/ci-info 91ms (cache revalidated)
npm http fetch GET 200 https://registry.npmjs.org/is-path-inside 79ms (cache revalidated)
npm http fetch GET 200 https://registry.npmjs.org/rfdc 92ms (cache revalidated)
npm http fetch GET 200 https://registry.npmjs.org/p-map 68ms (cache revalidated)
npm http fetch GET 200 https://registry.npmjs.org/rxjs 113ms (cache revalidated)
npm http fetch GET 200 https://registry.npmjs.org/through 89ms (cache revalidated)
npm http fetch GET 200 https://registry.npmjs.org/colorette 86ms (cache revalidated)
npm http fetch GET 200 https://registry.npmjs.org/wrap-ansi 83ms (cache revalidated)
npm http fetch GET 200 https://registry.npmjs.org/log-update 83ms (cache revalidated)
npm http fetch GET 200 https://registry.npmjs.org/cli-truncate 79ms (cache revalidated)
npm http fetch GET 200 https://registry.npmjs.org/is-unicode-supported 78ms (cache revalidated)
npm http fetch GET 200 https://registry.npmjs.org/fd-slicer 90ms (cache revalidated)
npm http fetch GET 200 https://registry.npmjs.org/throttleit 100ms (cache revalidated)
npm http fetch GET 200 https://registry.npmjs.org/sshpk 76ms (cache revalidated)
npm http fetch GET 200 https://registry.npmjs.org/assert-plus 79ms (cache revalidated)
npm http fetch GET 200 https://registry.npmjs.org/psl 81ms (cache revalidated)
npm http fetch GET 200 https://registry.npmjs.org/punycode 85ms (cache revalidated)
npm http fetch GET 200 https://registry.npmjs.org/asynckit 91ms (cache revalidated)
npm http fetch GET 200 https://registry.npmjs.org/side-channel 88ms (cache revalidated)
npm http fetch GET 200 https://registry.npmjs.org/mime-db 90ms (cache revalidated)
npm http fetch GET 200 https://registry.npmjs.org/jsprim 98ms (cache revalidated)
npm http fetch GET 200 https://registry.npmjs.org/delayed-stream 103ms (cache revalidated)
npm http fetch GET 200 https://registry.npmjs.org/url-parse 102ms (cache revalidated)
npm http fetch GET 200 https://registry.npmjs.org/lodash.isobject 82ms (cache revalidated)
npm http fetch GET 200 https://registry.npmjs.org/opener 82ms (cache revalidated)
npm http fetch GET 200 https://registry.npmjs.org/escape-html 94ms (cache revalidated)
npm http fetch GET 200 https://registry.npmjs.org/lodash.isempty 102ms (cache revalidated)
npm http fetch GET 200 https://registry.npmjs.org/lodash.isstring 102ms (cache revalidated)
npm http fetch GET 200 https://registry.npmjs.org/prop-types 100ms (cache revalidated)
npm http fetch GET 200 https://registry.npmjs.org/lodash.isfunction 116ms (cache revalidated)
npm http fetch GET 200 https://registry.npmjs.org/tcomb 105ms (cache revalidated)
npm http fetch GET 200 https://registry.npmjs.org/fsu 125ms (cache revalidated)
npm http fetch GET 200 https://registry.npmjs.org/dateformat 137ms (cache revalidated)
npm http fetch GET 200 https://registry.npmjs.org/tcomb-validation 73ms (cache revalidated)
npm http fetch GET 200 https://registry.npmjs.org/validator 95ms (cache revalidated)
npm http fetch GET 200 https://registry.npmjs.org/file-type 86ms (cache revalidated)
npm http fetch GET 200 https://registry.npmjs.org/file-type 97ms (cache revalidated)
npm http fetch GET 200 https://registry.npmjs.org/seek-bzip 102ms (cache revalidated)
npm http fetch GET 200 https://registry.npmjs.org/unbzip2-stream 102ms (cache revalidated)
npm http fetch GET 200 https://registry.npmjs.org/is-natural-number 107ms (cache revalidated)
npm http fetch GET 200 https://registry.npmjs.org/file-type 121ms (cache miss)
npm http fetch GET 200 https://registry.npmjs.org/xtend 79ms (cache revalidated)
npm http fetch GET 200 https://registry.npmjs.org/buffer-alloc 117ms (cache revalidated)
npm http fetch GET 200 https://registry.npmjs.org/to-buffer 150ms (cache revalidated)
npm http fetch GET 200 https://registry.npmjs.org/object-assign 73ms (cache revalidated)
npm http fetch GET 200 https://registry.npmjs.org/pinkie-promise 78ms (cache revalidated)
npm http fetch GET 200 https://registry.npmjs.org/ansi-regex 78ms (cache revalidated)
npm http fetch GET 200 https://registry.npmjs.org/pump 77ms (cache revalidated)
npm http fetch GET 200 https://registry.npmjs.org/which 80ms (cache revalidated)
npm http fetch GET 200 https://registry.npmjs.org/path-key 91ms (cache revalidated)
npm http fetch GET 200 https://registry.npmjs.org/shebang-command 94ms (cache revalidated)
npm http fetch GET 200 https://registry.npmjs.org/mimic-fn 105ms (cache revalidated)
npm http fetch GET 200 https://registry.npmjs.org/path-key 124ms (cache revalidated)
npm http fetch GET 200 https://registry.npmjs.org/shebang-regex 91ms (cache revalidated)
npm http fetch GET 200 https://registry.npmjs.org/isexe 102ms (cache revalidated)
npm http fetch GET 200 https://registry.npmjs.org/undici-types 67ms (cache revalidated)
npm http fetch GET 200 https://registry.npmjs.org/pinkie 72ms (cache revalidated)
npm http fetch GET 200 https://registry.npmjs.org/brace-expansion 66ms (cache revalidated)
npm http fetch GET 200 https://registry.npmjs.org/wrappy 74ms (cache revalidated)
npm http fetch GET 200 https://registry.npmjs.org/tweetnacl 75ms (cache revalidated)
npm http fetch GET 200 https://registry.npmjs.org/safer-buffer 77ms (cache revalidated)
npm http fetch GET 200 https://registry.npmjs.org/json-schema 82ms (cache revalidated)
npm http fetch GET 200 https://registry.npmjs.org/jsbn 80ms (cache revalidated)
npm http fetch GET 200 https://registry.npmjs.org/bcrypt-pbkdf 80ms (cache revalidated)
npm http fetch GET 200 https://registry.npmjs.org/getpass 87ms (cache revalidated)
npm http fetch GET 200 https://registry.npmjs.org/asn1 89ms (cache revalidated)
npm http fetch GET 200 https://registry.npmjs.org/extsprintf 93ms (cache revalidated)
npm http fetch GET 200 https://registry.npmjs.org/dashdash 106ms (cache revalidated)
npm http fetch GET 200 https://registry.npmjs.org/ecc-jsbn 195ms (cache revalidated)
npm http fetch GET 200 https://registry.npmjs.org/verror 674ms (cache revalidated)
npm http fetch GET 200 https://registry.npmjs.org/aggregate-error 77ms (cache revalidated)
npm http fetch GET 200 https://registry.npmjs.org/tslib 80ms (cache revalidated)
npm http fetch GET 200 https://registry.npmjs.org/ansi-escapes 85ms (cache revalidated)
npm http fetch GET 200 https://registry.npmjs.org/astral-regex 86ms (cache revalidated)
npm http fetch GET 200 https://registry.npmjs.org/type-fest 71ms (cache revalidated)
npm http fetch GET 200 https://registry.npmjs.org/balanced-match 75ms (cache revalidated)
npm http fetch GET 200 https://registry.npmjs.org/concat-map 89ms (cache revalidated)
npm http fetch GET 200 https://registry.npmjs.org/locate-path 114ms (cache revalidated)
npm http fetch GET 200 https://registry.npmjs.org/is-binary-path 124ms (cache revalidated)
npm http fetch GET 200 https://registry.npmjs.org/readdirp 130ms (cache revalidated)
npm http fetch GET 200 https://registry.npmjs.org/is-glob 150ms (cache revalidated)
npm http fetch GET 200 https://registry.npmjs.org/glob-parent 156ms (cache revalidated)
npm http fetch GET 200 https://registry.npmjs.org/anymatch 163ms (cache revalidated)
npm http fetch GET 200 https://registry.npmjs.org/braces 165ms (cache revalidated)
npm http fetch GET 200 https://registry.npmjs.org/fsevents 167ms (cache revalidated)
npm http fetch GET 200 https://registry.npmjs.org/path-exists 171ms (cache revalidated)
npm http fetch GET 200 https://registry.npmjs.org/randombytes 165ms (cache revalidated)
npm http fetch GET 200 https://registry.npmjs.org/argparse 171ms (cache revalidated)
npm http fetch GET 200 https://registry.npmjs.org/flat 115ms (cache revalidated)
npm http fetch GET 200 https://registry.npmjs.org/camelcase 130ms (cache revalidated)
npm http fetch GET 200 https://registry.npmjs.org/is-plain-obj 110ms (cache revalidated)
npm http fetch GET 200 https://registry.npmjs.org/escalade 150ms (cache revalidated)
npm http fetch GET 200 https://registry.npmjs.org/is-extglob 76ms (cache revalidated)
npm http fetch GET 200 https://registry.npmjs.org/picomatch 97ms (cache revalidated)
npm http fetch GET 200 https://registry.npmjs.org/picomatch 111ms (cache revalidated)
npm http fetch GET 200 https://registry.npmjs.org/fill-range 120ms (cache revalidated)
npm http fetch GET 200 https://registry.npmjs.org/binary-extensions 145ms (cache revalidated)
npm http fetch GET 200 https://registry.npmjs.org/to-regex-range 77ms (cache revalidated)
npm http fetch GET 200 https://registry.npmjs.org/is-number 75ms (cache revalidated)
npm http fetch GET 200 https://registry.npmjs.org/p-locate 74ms (cache revalidated)
npm http fetch GET 200 https://registry.npmjs.org/p-limit 73ms (cache revalidated)
npm http fetch GET 200 https://registry.npmjs.org/loose-envify 91ms (cache revalidated)
npm http fetch GET 200 https://registry.npmjs.org/react-is 262ms (cache updated)
npm http fetch GET 200 https://registry.npmjs.org/easy-stack 66ms (cache revalidated)
npm http fetch GET 200 https://registry.npmjs.org/yocto-queue 73ms (cache revalidated)
npm http fetch GET 200 https://registry.npmjs.org/indent-string 76ms (cache revalidated)
npm http fetch GET 200 https://registry.npmjs.org/clean-stack 104ms (cache revalidated)
npm http fetch GET 200 https://registry.npmjs.org/js-tokens 120ms (cache revalidated)
npm http fetch GET 200 https://registry.npmjs.org/from 96ms (cache revalidated)
npm http fetch GET 200 https://registry.npmjs.org/map-stream 96ms (cache revalidated)
npm http fetch GET 200 https://registry.npmjs.org/duplexer 101ms (cache revalidated)
npm http fetch GET 200 https://registry.npmjs.org/split 105ms (cache revalidated)
npm http fetch GET 200 https://registry.npmjs.org/stream-combiner 105ms (cache revalidated)
npm http fetch GET 200 https://registry.npmjs.org/pause-stream 110ms (cache revalidated)
npm http fetch GET 200 https://registry.npmjs.org/es-errors 84ms (cache revalidated)
npm http fetch GET 200 https://registry.npmjs.org/get-intrinsic 85ms (cache revalidated)
npm http fetch GET 200 https://registry.npmjs.org/object-inspect 94ms (cache revalidated)
npm http fetch GET 200 https://registry.npmjs.org/call-bind 127ms (cache revalidated)
npm http fetch GET 200 https://registry.npmjs.org/har-schema 109ms (cache revalidated)
npm http fetch GET 200 https://registry.npmjs.org/fast-deep-equal 78ms (cache revalidated)
npm http fetch GET 200 https://registry.npmjs.org/uri-js 93ms (cache revalidated)
npm http fetch GET 200 https://registry.npmjs.org/json-schema-traverse 94ms (cache revalidated)
npm http fetch GET 200 https://registry.npmjs.org/fast-json-stable-stringify 126ms (cache revalidated)
npm http fetch GET 200 https://registry.npmjs.org/function-bind 84ms (cache revalidated)
npm http fetch GET 200 https://registry.npmjs.org/has-proto 87ms (cache revalidated)
npm http fetch GET 200 https://registry.npmjs.org/has-symbols 93ms (cache revalidated)
npm http fetch GET 200 https://registry.npmjs.org/set-function-length 98ms (cache revalidated)
npm http fetch GET 200 https://registry.npmjs.org/hasown 109ms (cache revalidated)
npm http fetch GET 200 https://registry.npmjs.org/es-define-property 121ms (cache revalidated)
npm http fetch GET 200 https://registry.npmjs.org/define-data-property 79ms (cache revalidated)
npm http fetch GET 200 https://registry.npmjs.org/gopd 80ms (cache revalidated)
npm http fetch GET 200 https://registry.npmjs.org/has-property-descriptors 89ms (cache revalidated)
npm http fetch GET 200 https://registry.npmjs.org/querystringify 84ms (cache revalidated)
npm http fetch GET 200 https://registry.npmjs.org/requires-port 92ms (cache revalidated)
npm http fetch GET 200 https://registry.npmjs.org/cli-boxes 107ms (cache revalidated)
npm http fetch GET 200 https://registry.npmjs.org/widest-line 125ms (cache revalidated)
npm http fetch GET 200 https://registry.npmjs.org/unique-string 122ms (cache revalidated)
npm http fetch GET 200 https://registry.npmjs.org/dot-prop 129ms (cache revalidated)
npm http fetch GET 200 https://registry.npmjs.org/write-file-atomic 122ms (cache revalidated)
npm http fetch GET 200 https://registry.npmjs.org/package-json 125ms (cache revalidated)
npm http fetch GET 200 https://registry.npmjs.org/escape-goat 130ms (cache revalidated)
npm http fetch GET 200 https://registry.npmjs.org/ansi-align 150ms (cache revalidated)
npm http fetch GET 200 https://registry.npmjs.org/eastasianwidth 82ms (cache revalidated)
npm http fetch GET 200 https://registry.npmjs.org/imurmurhash 88ms (cache revalidated)
npm http fetch GET 200 https://registry.npmjs.org/typedarray-to-buffer 87ms (cache revalidated)
npm http fetch GET 200 https://registry.npmjs.org/crypto-random-string 93ms (cache revalidated)
npm http fetch GET 200 https://registry.npmjs.org/is-obj 99ms (cache revalidated)
npm http fetch GET 200 https://registry.npmjs.org/registry-url 74ms (cache revalidated)
npm http fetch GET 200 https://registry.npmjs.org/got 85ms (cache revalidated)
npm http fetch GET 200 https://registry.npmjs.org/registry-auth-token 103ms (cache revalidated)
npm http fetch GET 200 https://registry.npmjs.org/p-cancelable 111ms (cache revalidated)
npm http fetch GET 200 https://registry.npmjs.org/lowercase-keys 121ms (cache revalidated)
npm http fetch GET 200 https://registry.npmjs.org/cacheable-request 121ms (cache revalidated)
npm http fetch GET 200 https://registry.npmjs.org/decompress-response 124ms (cache revalidated)
npm http fetch GET 200 https://registry.npmjs.org/form-data-encoder 126ms (cache revalidated)
npm http fetch GET 200 https://registry.npmjs.org/@pnpm%2fnpm-conf 138ms (cache revalidated)
npm http fetch GET 200 https://registry.npmjs.org/responselike 152ms (cache revalidated)
npm http fetch GET 200 https://registry.npmjs.org/@szmarczak%2fhttp-timer 148ms (cache revalidated)
npm http fetch GET 200 https://registry.npmjs.org/http2-wrapper 157ms (cache revalidated)
npm http fetch GET 200 https://registry.npmjs.org/@sindresorhus%2fis 159ms (cache revalidated)
npm http fetch GET 200 https://registry.npmjs.org/rc 107ms (cache revalidated)
npm http fetch GET 200 https://registry.npmjs.org/cacheable-lookup 703ms (cache revalidated)
npm http fetch GET 200 https://registry.npmjs.org/http-cache-semantics 92ms (cache revalidated)
npm http fetch GET 200 https://registry.npmjs.org/@types%2fhttp-cache-semantics 103ms (cache revalidated)
npm http fetch GET 200 https://registry.npmjs.org/defer-to-connect 106ms (cache revalidated)
npm http fetch GET 200 https://registry.npmjs.org/keyv 107ms (cache revalidated)
npm http fetch GET 200 https://registry.npmjs.org/mimic-response 110ms (cache revalidated)
npm http fetch GET 200 https://registry.npmjs.org/mimic-response 117ms (cache revalidated)
npm http fetch GET 200 https://registry.npmjs.org/normalize-url 117ms (cache revalidated)
npm http fetch GET 200 https://registry.npmjs.org/quick-lru 121ms (cache revalidated)
npm http fetch GET 200 https://registry.npmjs.org/resolve-alpn 139ms (cache revalidated)
npm http fetch GET 200 https://registry.npmjs.org/json-buffer 83ms (cache revalidated)
npm http fetch GET 200 https://registry.npmjs.org/config-chain 95ms (cache revalidated)
npm http fetch GET 200 https://registry.npmjs.org/@pnpm%2fconfig.env-replace 111ms (cache revalidated)
npm http fetch GET 200 https://registry.npmjs.org/@pnpm%2fnetwork.ca-file 119ms (cache revalidated)
npm http fetch GET 200 https://registry.npmjs.org/proto-list 71ms (cache revalidated)
npm http fetch GET 200 https://registry.npmjs.org/deep-extend 75ms (cache revalidated)
npm http fetch GET 200 https://registry.npmjs.org/pend 79ms (cache revalidated)
npm http fetch GET 200 https://registry.npmjs.org/crc32-stream 91ms (cache revalidated)
npm http fetch GET 200 https://registry.npmjs.org/crc-32 86ms (cache revalidated)
npm http fetch GET 200 https://registry.npmjs.org/buffer-alloc-unsafe 108ms (cache revalidated)
npm http fetch GET 200 https://registry.npmjs.org/buffer-fill 139ms (cache revalidated)
npm http fetch GET 200 https://registry.npmjs.org/p-try 87ms (cache revalidated)
npm verbose reify failed optional dependency C:\Projetos_Pos\automacao_web_pgats_FINAL_Sandra\tmpBstackPackages\node_modules\fsevents
npm http fetch POST 200 https://registry.npmjs.org/-/npm/v1/security/advisories/bulk 1402ms
npm warn deprecated inflight@1.0.6: This module is not supported, and leaks memory. Do not use it. Check out lru-cache if you want a good and tested way to coalesce async requests by a key value, which is much more comprehensive and powerful.
npm warn deprecated rimraf@2.5.4: Rimraf versions prior to v4 are no longer supported
npm warn deprecated har-validator@5.1.5: this library is no longer supported
npm warn deprecated glob@7.2.3: Glob versions prior to v9 are no longer supported
npm warn deprecated glob@8.1.0: Glob versions prior to v9 are no longer supported
npm warn deprecated uuid@3.4.0: Please upgrade  to version 7 or higher.  Older versions may use Math.random() in certain circumstances, which is known to be problematic.  See https://v8.dev/blog/math-random for details.
npm warn deprecated request@2.88.2: request has been deprecated, see https://github.com/request/request/issues/3142
npm http fetch GET 200 https://registry.npmjs.org/cypress/-/cypress-13.13.3.tgz 4386ms (cache miss)
npm info run cypress@13.13.3 postinstall node_modules/cypress node index.js --exec install
npm info run cypress@13.13.3 postinstall { code: 0, signal: null }

added 501 packages, and audited 502 packages in 33s

96 packages are looking for funding
  run `npm fund` for details

3 moderate severity vulnerabilities

To address all issues (including breaking changes), run:
  npm audit fix --force

Run `npm audit` for details.
npm verbose exit 0
npm info ok
